
> timebank-frontend@0.0.0 start
> ng serve --host 127.0.0.1 --port 4201

[33m>[39m Building...
[32m√[39m Building...
[1mInitial chunk files[22m[2m | [22m[1mNames[22m                   [2m | [22m [1mRaw size[22m
[32mstyles.css[39m         [2m | [22m[2mstyles[22m                  [2m | [22m [36m12.18 kB[39m[2m | [22m
[32mmain.js[39m            [2m | [22m[2mmain[22m                    [2m | [22m  [36m4.98 kB[39m[2m | [22m
[32mchunk-T6GB54AB.js[39m  [2m | [22m[2m-[22m                       [2m | [22m  [36m2.54 kB[39m[2m | [22m
[32mchunk-PZ5AY32C.js[39m  [2m | [22m[2m-[22m                       [2m | [22m[36m234 bytes[39m[2m | [22m

[1m [22m                  [2m | [22m[1mInitial total[22m           [2m | [22m [1m19.94 kB[22m

[1mLazy chunk files[22m   [2m | [22m[1mNames[22m                   [2m | [22m [1mRaw size[22m
[32mchunk-TURU7SQK.js[39m  [2m | [22m[2mdashboard-component[22m     [2m | [22m [36m48.11 kB[39m[2m | [22m
[32mchunk-PKHZMNQV.js[39m  [2m | [22m[2mregister-component[22m      [2m | [22m [36m11.86 kB[39m[2m | [22m
[32mchunk-WCLI5BH3.js[39m  [2m | [22m[2mlogin-component[22m         [2m | [22m [36m10.42 kB[39m[2m | [22m
[32mchunk-ICGNXK6H.js[39m  [2m | [22m[2mcreate-session-component[22m[2m | [22m  [36m2.12 kB[39m[2m | [22m
[32mchunk-NOZOAACU.js[39m  [2m | [22m[2mcreate-request-component[22m[2m | [22m  [36m2.12 kB[39m[2m | [22m
[32mchunk-YCKFGUWG.js[39m  [2m | [22m[2mrequest-detail-component[22m[2m | [22m  [36m2.12 kB[39m[2m | [22m
[32mchunk-IKF7UZGG.js[39m  [2m | [22m[2mrequest-list-component[22m  [2m | [22m  [36m2.07 kB[39m[2m | [22m
[32mchunk-KMXZKS6E.js[39m  [2m | [22m[2msession-list-component[22m  [2m | [22m  [36m2.07 kB[39m[2m | [22m
[32mchunk-FPKYDN4O.js[39m  [2m | [22m[2mprofile-component[22m       [2m | [22m  [36m1.93 kB[39m[2m | [22m

Application bundle generation complete. [4.380 seconds] - 2026-06-09T17:36:54.579Z

Watch mode enabled. Watching for file changes...
NOTE: Raw file sizes do not reflect development server per-request transformations.
[2m11:06:55 pm[22m [36m[1m[vite][22m[39m [90m[2m(client)[22m[39m Re-optimizing dependencies because lockfile has changed
  [32m➜[39m  [1mLocal[22m:   [36mhttp://127.0.0.1:[1m4201[22m/[39m
